\BOOKMARK [1][-]{section.1}{Introduction }{}% 1
\BOOKMARK [1][-]{section.2}{Data Transformation \046 Exploration}{}% 2
\BOOKMARK [2][-]{subsection.2.1}{Data Cleaning}{section.2}% 3
\BOOKMARK [2][-]{subsection.2.2}{Initial Data Exploration}{section.2}% 4
\BOOKMARK [3][-]{subsubsection.2.2.1}{Number of matches per season}{subsection.2.2}% 5
\BOOKMARK [3][-]{subsubsection.2.2.2}{Relationship between attributes}{subsection.2.2}% 6
\BOOKMARK [2][-]{subsection.2.3}{Feature Construction}{section.2}% 7
\BOOKMARK [2][-]{subsection.2.4}{Second Data Exploration - Analyse Numerical Features}{section.2}% 8
\BOOKMARK [2][-]{subsection.2.5}{Data Transformation}{section.2}% 9
\BOOKMARK [3][-]{subsubsection.2.5.1}{Label mapping}{subsection.2.5}% 10
\BOOKMARK [3][-]{subsubsection.2.5.2}{Rescale and standardize numerical features}{subsection.2.5}% 11
\BOOKMARK [3][-]{subsubsection.2.5.3}{Transform categorical features}{subsection.2.5}% 12
\BOOKMARK [1][-]{section.3}{Methodology Overview}{}% 13
\BOOKMARK [2][-]{subsection.3.1}{Data set}{section.3}% 14
\BOOKMARK [2][-]{subsection.3.2}{Base model}{section.3}% 15
\BOOKMARK [2][-]{subsection.3.3}{Model evaluation}{section.3}% 16
\BOOKMARK [3][-]{subsubsection.3.3.1}{F1-score}{subsection.3.3}% 17
\BOOKMARK [3][-]{subsubsection.3.3.2}{Cross-Validation}{subsection.3.3}% 18
\BOOKMARK [3][-]{subsubsection.3.3.3}{Parameter optimisation}{subsection.3.3}% 19
\BOOKMARK [3][-]{subsubsection.3.3.4}{Ensemble methods}{subsection.3.3}% 20
\BOOKMARK [1][-]{section.4}{Model Training \046 Validation}{}% 21
\BOOKMARK [2][-]{subsection.4.1}{Optimization of base estimator}{section.4}% 22
\BOOKMARK [3][-]{subsubsection.4.1.1}{Cross-Validation}{subsection.4.1}% 23
\BOOKMARK [3][-]{subsubsection.4.1.2}{Parameter optimisation}{subsection.4.1}% 24
\BOOKMARK [2][-]{subsection.4.2}{Result}{section.4}% 25
\BOOKMARK [2][-]{subsection.4.3}{Ensemble methods}{section.4}% 26
\BOOKMARK [3][-]{subsubsection.4.3.1}{Ada boost}{subsection.4.3}% 27
\BOOKMARK [3][-]{subsubsection.4.3.2}{Gradient boost}{subsection.4.3}% 28
\BOOKMARK [3][-]{subsubsection.4.3.3}{Ensemble methods result}{subsection.4.3}% 29
\BOOKMARK [2][-]{subsection.4.4}{Final model}{section.4}% 30
\BOOKMARK [1][-]{section.5}{Results}{}% 31
\BOOKMARK [2][-]{subsection.5.1}{Introduction of LIME}{section.5}% 32
\BOOKMARK [2][-]{subsection.5.2}{Explanation of Samples}{section.5}% 33
\BOOKMARK [2][-]{subsection.5.3}{Analysis \046 Insights}{section.5}% 34
\BOOKMARK [1][-]{section.6}{Final Predictions on Test Set}{}% 35
\BOOKMARK [2][-]{subsection.6.1}{Data Pre-processing}{section.6}% 36
\BOOKMARK [2][-]{subsection.6.2}{Result Prediction}{section.6}% 37
\BOOKMARK [1][-]{section.7}{Conclusion}{}% 38
